Nenhuma atualização
Nenhuma atualização
Nenhuma atualização
Nenhuma atualização
Nenhuma atualização
Nenhuma atualização
Nenhuma atualização
Nenhuma atualização
Nenhuma atualização
Nenhuma atualização
Nenhuma atualização
Nenhuma atualização
Nenhuma atualização
Nenhuma atualização
Nenhuma atualização
Nenhuma atualização
Nenhuma atualização
Nenhuma atualização
Nenhuma atualização
Nenhuma atualização
Nenhuma atualização
Nenhuma atualização
Nenhuma atualização
Nenhuma atualização
Nenhuma atualização
Nenhuma atualização
Nenhuma atualização
Nenhuma atualização
Nenhuma atualização
Nenhuma atualização
Nenhuma atualização
Nenhuma atualização
Nenhuma atualização
Nenhuma atualização
Nenhuma atualização
Nenhuma atualização
Nenhuma atualização
Nenhuma atualização
Nenhuma atualização
Nenhuma atualização
Nenhuma atualização
Nenhuma atualização
Nenhuma atualização
Nenhuma atualização
Nenhuma atualização
Nenhuma atualização
Nenhuma atualização
Nenhuma atualização
Nenhuma atualização
Nenhuma atualização
Nenhuma atualização
Nenhuma atualização
Nenhuma atualização
Nenhuma atualização
Nenhuma atualização
Nenhuma atualização
Nenhuma atualização
Nenhuma atualização
Nenhuma atualização
Nenhuma atualização
Nenhuma atualização
Nenhuma atualização
Nenhuma atualização
Nenhuma atualização
Nenhuma atualização
Nenhuma atualização
Nenhuma atualização
Nenhuma atualização
Nenhuma atualização
Nenhuma atualização
Nenhuma atualização
Nenhuma atualização
Nenhuma atualização
Nenhuma atualização
Nenhuma atualização
Nenhuma atualização
Nenhuma atualização
Nenhuma atualização
Nenhuma atualização
Nenhuma atualização
Nenhuma atualização
Nenhuma atualização
Nenhuma atualização
Nenhuma atualização
Nenhuma atualização
Nenhuma atualização
Nenhuma atualização
Nenhuma atualização
Nenhuma atualização
Nenhuma atualização
Nenhuma atualização
Nenhuma atualização
Nenhuma atualização
Nenhuma atualização
Nenhuma atualização
Nenhuma atualização
Nenhuma atualização
Nenhuma atualização
Nenhuma atualização
Nenhuma atualização
Nenhuma atualização
Nenhuma atualização
Nenhuma atualização
Nenhuma atualização
Nenhuma atualização
Nenhuma atualização
Nenhuma atualização
Nenhuma atualização
Nenhuma atualização
Nenhuma atualização
Command: $start123456780011001101
open /dev/ttyACM0: no such file or directory
Get http://locahost:9000/comandos?account=12345678: dial tcp: lookup locahost: no such host
Command: 
open /dev/ttyACM0: no such file or directory
Get http://locahost:9000/comandos?account=12345678: dial tcp: lookup locahost: no such host
Command: 
open /dev/ttyACM0: no such file or directory
Get http://locahost:9000/comandos?account=12345678: dial tcp: lookup locahost: no such host
Command: 
open /dev/ttyACM0: no such file or directory
Get http://locahost:9000/comandos?account=12345678: dial tcp: lookup locahost: no such host
Command: 
open /dev/ttyACM0: no such file or directory
Command: $start123456781100110000
open /dev/ttyACM0: no such file or directory
Command: $start123456780011001100
open /dev/ttyACM0: no such file or directory
Nenhuma atualização
Nenhuma atualização
Nenhuma atualização
Nenhuma atualização
Nenhuma atualização
Command: $start123456780011001101
open /dev/ttyACM0: no such file or directory
Nenhuma atualização
Nenhuma atualização
Nenhuma atualização
Nenhuma atualização
Nenhuma atualização
